Flow report for ARM_System
Thu Dec 06 22:58:03 2018
Quartus II Version 9.1 Build 350 03/24/2010 Service Pack 2 SJ Web Edition


---------------------
; Table of Contents ;
---------------------
  1. Legal Notice
  2. Flow Summary
  3. Flow Settings
  4. Flow Non-Default Global Settings
  5. Flow Elapsed Time
  6. Flow OS Summary
  7. Flow Log



----------------
; Legal Notice ;
----------------
Copyright (C) 1991-2010 Altera Corporation
Your use of Altera Corporation's design tools, logic functions 
and other software and tools, and its AMPP partner logic 
functions, and any output files from any of the foregoing 
(including device programming or simulation files), and any 
associated documentation or information are expressly subject 
to the terms and conditions of the Altera Program License 
Subscription Agreement, Altera MegaCore Function License 
Agreement, or other applicable license agreement, including, 
without limitation, that your use is for the sole purpose of 
programming logic devices manufactured by Altera and sold by 
Altera or its authorized distributors.  Please refer to the 
applicable agreement for further details.



+-----------------------------------------------------------------------------------+
; Flow Summary                                                                      ;
+------------------------------------+----------------------------------------------+
; Flow Status                        ; Successful - Thu Dec 06 22:58:03 2018        ;
; Quartus II Version                 ; 9.1 Build 350 03/24/2010 SP 2 SJ Web Edition ;
; Revision Name                      ; ARM_System                                   ;
; Top-level Entity Name              ; ARM_System                                   ;
; Family                             ; Cyclone II                                   ;
; Device                             ; EP2C35F672C6                                 ;
; Timing Models                      ; Final                                        ;
; Met timing requirements            ; No                                           ;
; Total logic elements               ; 1,963 / 33,216 ( 6 % )                       ;
;     Total combinational functions  ; 1,890 / 33,216 ( 6 % )                       ;
;     Dedicated logic registers      ; 1,167 / 33,216 ( 4 % )                       ;
; Total registers                    ; 1167                                         ;
; Total pins                         ; 108 / 475 ( 23 % )                           ;
; Total virtual pins                 ; 0                                            ;
; Total memory bits                  ; 65,536 / 483,840 ( 14 % )                    ;
; Embedded Multiplier 9-bit elements ; 0 / 70 ( 0 % )                               ;
; Total PLLs                         ; 1 / 4 ( 25 % )                               ;
+------------------------------------+----------------------------------------------+


+-----------------------------------------+
; Flow Settings                           ;
+-------------------+---------------------+
; Option            ; Setting             ;
+-------------------+---------------------+
; Start date & time ; 12/06/2018 22:57:43 ;
; Main task         ; Compilation         ;
; Revision Name     ; ARM_System          ;
+-------------------+---------------------+


+--------------------------------------------------------------------------------------------------------------------------------------------------------------------------------------------------------+
; Flow Non-Default Global Settings                                                                                                                                                                       ;
+-------------------------------------+-------------------------------------------------------------------------------------------------------------------+---------------+-------------+----------------+
; Assignment Name                     ; Value                                                                                                             ; Default Value ; Entity Name ; Section Id     ;
+-------------------------------------+-------------------------------------------------------------------------------------------------------------------+---------------+-------------+----------------+
; COMPILER_SIGNATURE_ID               ; 263988422744424.154410466307592                                                                                   ; --            ; --          ; --             ;
; IP_TOOL_NAME                        ; RAM: 2-PORT                                                                                                       ; --            ; --          ; --             ;
; IP_TOOL_VERSION                     ; 9.1                                                                                                               ; --            ; --          ; --             ;
; MAX_CORE_JUNCTION_TEMP              ; 85                                                                                                                ; --            ; --          ; --             ;
; MIN_CORE_JUNCTION_TEMP              ; 0                                                                                                                 ; --            ; --          ; --             ;
; MISC_FILE                           ; C:/Users/leeyo/Desktop/204/ARM single cycle/ARMprocessor_singlecycle_204 (2)/ARM_System_Syn/ARM_System.dpf        ; --            ; --          ; --             ;
; MISC_FILE                           ; C:/Users/Admin/Documents/KKM/coursework/컴퓨터구조18-2/ARMprocessor_singlecycle_204/ARM_System_Syn/ARM_System.dpf ; --            ; --          ; --             ;
; MISC_FILE                           ; C:/Users/Admin/Documents/KKM/coursework/컴퓨터구조18-2/CA_2nd_project/ARM_System_Syn/ARM_System.dpf               ; --            ; --          ; --             ;
; MISC_FILE                           ; ../ARM_System/Alera_Mem_Dual_Port/ram2port_inst_data.bsf                                                          ; --            ; --          ; --             ;
; MISC_FILE                           ; ../ARM_System/Alera_Mem_Dual_Port/ram2port_inst_data_inst.v                                                       ; --            ; --          ; --             ;
; MISC_FILE                           ; ../ARM_System/Alera_Mem_Dual_Port/ram2port_inst_data_bb.v                                                         ; --            ; --          ; --             ;
; MISC_FILE                           ; ../ARM_System/Alera_Mem_Dual_Port/ram2port_inst_data.inc                                                          ; --            ; --          ; --             ;
; MISC_FILE                           ; ../ARM_System/Alera_Mem_Dual_Port/ram2port_inst_data.cmp                                                          ; --            ; --          ; --             ;
; MISC_FILE                           ; C:/Users/Tel2_501c/Dropbox/temp/수업/컴구_텀프/2차/term_original/ARM_System_Syn/ARM_System.dpf                    ; --            ; --          ; --             ;
; MISC_FILE                           ; C:/Users/송동욱학부재학컴퓨터학과/Desktop/term_original/arm_system_syn/ARM_System.dpf                             ; --            ; --          ; --             ;
; PARTITION_COLOR                     ; 16764057                                                                                                          ; --            ; --          ; Top            ;
; PARTITION_FITTER_PRESERVATION_LEVEL ; PLACEMENT_AND_ROUTING                                                                                             ; --            ; --          ; Top            ;
; PARTITION_NETLIST_TYPE              ; SOURCE                                                                                                            ; --            ; --          ; Top            ;
; USE_GENERATED_PHYSICAL_CONSTRAINTS  ; Off                                                                                                               ; --            ; --          ; eda_blast_fpga ;
+-------------------------------------+-------------------------------------------------------------------------------------------------------------------+---------------+-------------+----------------+


+-----------------------------------------------------------------------------------------------------------------------------+
; Flow Elapsed Time                                                                                                           ;
+-------------------------+--------------+-------------------------+---------------------+------------------------------------+
; Module Name             ; Elapsed Time ; Average Processors Used ; Peak Virtual Memory ; Total CPU Time (on all processors) ;
+-------------------------+--------------+-------------------------+---------------------+------------------------------------+
; Analysis & Synthesis    ; 00:00:05     ; 1.0                     ; 252 MB              ; 00:00:08                           ;
; Fitter                  ; 00:00:09     ; 1.0                     ; 319 MB              ; 00:00:11                           ;
; Assembler               ; 00:00:02     ; 1.0                     ; 281 MB              ; 00:00:02                           ;
; Classic Timing Analyzer ; 00:00:01     ; 1.0                     ; 198 MB              ; 00:00:02                           ;
; Total                   ; 00:00:17     ; --                      ; --                  ; 00:00:23                           ;
+-------------------------+--------------+-------------------------+---------------------+------------------------------------+


+------------------------------------------------------------------------------------------+
; Flow OS Summary                                                                          ;
+-------------------------+------------------+---------------+------------+----------------+
; Module Name             ; Machine Hostname ; OS Name       ; OS Version ; Processor type ;
+-------------------------+------------------+---------------+------------+----------------+
; Analysis & Synthesis    ; DESKTOP-HGPJIF4  ; Windows Vista ; 6.2        ; x86_64         ;
; Fitter                  ; DESKTOP-HGPJIF4  ; Windows Vista ; 6.2        ; x86_64         ;
; Assembler               ; DESKTOP-HGPJIF4  ; Windows Vista ; 6.2        ; x86_64         ;
; Classic Timing Analyzer ; DESKTOP-HGPJIF4  ; Windows Vista ; 6.2        ; x86_64         ;
+-------------------------+------------------+---------------+------------+----------------+


------------
; Flow Log ;
------------
quartus_map --read_settings_files=on --write_settings_files=off ARM_System -c ARM_System
quartus_fit --read_settings_files=off --write_settings_files=off ARM_System -c ARM_System
quartus_asm --read_settings_files=off --write_settings_files=off ARM_System -c ARM_System
quartus_tan --read_settings_files=off --write_settings_files=off ARM_System -c ARM_System --timing_analysis_only



