Analysis & Synthesis report for controlUnit
Mon Dec 03 00:59:18 2018
Quartus II Version 9.1 Build 350 03/24/2010 Service Pack 2 SJ Web Edition


---------------------
; Table of Contents ;
---------------------
  1. Legal Notice
  2. Analysis & Synthesis Summary
  3. Analysis & Synthesis Settings
  4. Parallel Compilation
  5. Analysis & Synthesis Source Files Read
  6. Analysis & Synthesis Resource Usage Summary
  7. Analysis & Synthesis Resource Utilization by Entity
  8. User-Specified and Inferred Latches
  9. General Register Statistics
 10. Multiplexer Restructuring Statistics (Restructuring Performed)
 11. Parameter Settings for User Entity Instance: condlogic:cl|flopenr:flagreg1
 12. Parameter Settings for User Entity Instance: condlogic:cl|flopenr:flagreg0
 13. Port Connectivity Checks: "condlogic:cl"
 14. Port Connectivity Checks: "decoder:dec"
 15. Analysis & Synthesis Messages
 16. Analysis & Synthesis Suppressed Messages



----------------
; Legal Notice ;
----------------
Copyright (C) 1991-2010 Altera Corporation
Your use of Altera Corporation's design tools, logic functions 
and other software and tools, and its AMPP partner logic 
functions, and any output files from any of the foregoing 
(including device programming or simulation files), and any 
associated documentation or information are expressly subject 
to the terms and conditions of the Altera Program License 
Subscription Agreement, Altera MegaCore Function License 
Agreement, or other applicable license agreement, including, 
without limitation, that your use is for the sole purpose of 
programming logic devices manufactured by Altera and sold by 
Altera or its authorized distributors.  Please refer to the 
applicable agreement for further details.



+-----------------------------------------------------------------------------------+
; Analysis & Synthesis Summary                                                      ;
+------------------------------------+----------------------------------------------+
; Analysis & Synthesis Status        ; Successful - Mon Dec 03 00:59:18 2018        ;
; Quartus II Version                 ; 9.1 Build 350 03/24/2010 SP 2 SJ Web Edition ;
; Revision Name                      ; controlUnit                                  ;
; Top-level Entity Name              ; controlUnit                                  ;
; Family                             ; Cyclone II                                   ;
; Total logic elements               ; 32                                           ;
;     Total combinational functions  ; 28                                           ;
;     Dedicated logic registers      ; 4                                            ;
; Total registers                    ; 4                                            ;
; Total pins                         ; 38                                           ;
; Total virtual pins                 ; 0                                            ;
; Total memory bits                  ; 0                                            ;
; Embedded Multiplier 9-bit elements ; 0                                            ;
; Total PLLs                         ; 0                                            ;
+------------------------------------+----------------------------------------------+


+----------------------------------------------------------------------------------------------------------------------+
; Analysis & Synthesis Settings                                                                                        ;
+----------------------------------------------------------------------------+--------------------+--------------------+
; Option                                                                     ; Setting            ; Default Value      ;
+----------------------------------------------------------------------------+--------------------+--------------------+
; Device                                                                     ; EP2C35F672C6       ;                    ;
; Top-level entity name                                                      ; controlUnit        ; controlUnit        ;
; Family name                                                                ; Cyclone II         ; Stratix II         ;
; Use Generated Physical Constraints File                                    ; Off                ;                    ;
; Use smart compilation                                                      ; Off                ; Off                ;
; Enable parallel Assembler and TimeQuest Timing Analyzer during compilation ; On                 ; On                 ;
; Enable compact report table                                                ; Off                ; Off                ;
; Restructure Multiplexers                                                   ; Auto               ; Auto               ;
; Create Debugging Nodes for IP Cores                                        ; Off                ; Off                ;
; Preserve fewer node names                                                  ; On                 ; On                 ;
; Disable OpenCore Plus hardware evaluation                                  ; Off                ; Off                ;
; Verilog Version                                                            ; Verilog_2001       ; Verilog_2001       ;
; VHDL Version                                                               ; VHDL_1993          ; VHDL_1993          ;
; State Machine Processing                                                   ; Auto               ; Auto               ;
; Safe State Machine                                                         ; Off                ; Off                ;
; Extract Verilog State Machines                                             ; On                 ; On                 ;
; Extract VHDL State Machines                                                ; On                 ; On                 ;
; Ignore Verilog initial constructs                                          ; Off                ; Off                ;
; Iteration limit for constant Verilog loops                                 ; 5000               ; 5000               ;
; Iteration limit for non-constant Verilog loops                             ; 250                ; 250                ;
; Add Pass-Through Logic to Inferred RAMs                                    ; On                 ; On                 ;
; Parallel Synthesis                                                         ; On                 ; On                 ;
; DSP Block Balancing                                                        ; Auto               ; Auto               ;
; NOT Gate Push-Back                                                         ; On                 ; On                 ;
; Power-Up Don't Care                                                        ; On                 ; On                 ;
; Remove Redundant Logic Cells                                               ; Off                ; Off                ;
; Remove Duplicate Registers                                                 ; On                 ; On                 ;
; Ignore CARRY Buffers                                                       ; Off                ; Off                ;
; Ignore CASCADE Buffers                                                     ; Off                ; Off                ;
; Ignore GLOBAL Buffers                                                      ; Off                ; Off                ;
; Ignore ROW GLOBAL Buffers                                                  ; Off                ; Off                ;
; Ignore LCELL Buffers                                                       ; Off                ; Off                ;
; Ignore SOFT Buffers                                                        ; On                 ; On                 ;
; Limit AHDL Integers to 32 Bits                                             ; Off                ; Off                ;
; Optimization Technique                                                     ; Balanced           ; Balanced           ;
; Carry Chain Length                                                         ; 70                 ; 70                 ;
; Auto Carry Chains                                                          ; On                 ; On                 ;
; Auto Open-Drain Pins                                                       ; On                 ; On                 ;
; Perform WYSIWYG Primitive Resynthesis                                      ; Off                ; Off                ;
; Auto ROM Replacement                                                       ; On                 ; On                 ;
; Auto RAM Replacement                                                       ; On                 ; On                 ;
; Auto Shift Register Replacement                                            ; Auto               ; Auto               ;
; Auto Clock Enable Replacement                                              ; On                 ; On                 ;
; Strict RAM Replacement                                                     ; Off                ; Off                ;
; Allow Synchronous Control Signals                                          ; On                 ; On                 ;
; Force Use of Synchronous Clear Signals                                     ; Off                ; Off                ;
; Auto RAM to Logic Cell Conversion                                          ; Off                ; Off                ;
; Auto Resource Sharing                                                      ; Off                ; Off                ;
; Allow Any RAM Size For Recognition                                         ; Off                ; Off                ;
; Allow Any ROM Size For Recognition                                         ; Off                ; Off                ;
; Allow Any Shift Register Size For Recognition                              ; Off                ; Off                ;
; Use LogicLock Constraints during Resource Balancing                        ; On                 ; On                 ;
; Ignore translate_off and synthesis_off directives                          ; Off                ; Off                ;
; Timing-Driven Synthesis                                                    ; Off                ; Off                ;
; Show Parameter Settings Tables in Synthesis Report                         ; On                 ; On                 ;
; Ignore Maximum Fan-Out Assignments                                         ; Off                ; Off                ;
; Synchronization Register Chain Length                                      ; 2                  ; 2                  ;
; PowerPlay Power Optimization                                               ; Normal compilation ; Normal compilation ;
; HDL message level                                                          ; Level2             ; Level2             ;
; Suppress Register Optimization Related Messages                            ; Off                ; Off                ;
; Number of Removed Registers Reported in Synthesis Report                   ; 5000               ; 5000               ;
; Number of Inverted Registers Reported in Synthesis Report                  ; 100                ; 100                ;
; Clock MUX Protection                                                       ; On                 ; On                 ;
; Auto Gated Clock Conversion                                                ; Off                ; Off                ;
; Block Design Naming                                                        ; Auto               ; Auto               ;
; SDC constraint protection                                                  ; Off                ; Off                ;
; Synthesis Effort                                                           ; Auto               ; Auto               ;
; Shift Register Replacement - Allow Asynchronous Clear Signal               ; On                 ; On                 ;
; Analysis & Synthesis Message Level                                         ; Medium             ; Medium             ;
; Disable Register Merging Across Hierarchies                                ; Auto               ; Auto               ;
; Resource Aware Inference For Block RAM                                     ; On                 ; On                 ;
+----------------------------------------------------------------------------+--------------------+--------------------+


Parallel compilation was disabled, but you have multiple processors available. Enable parallel compilation to reduce compilation time.
+-------------------------------------+
; Parallel Compilation                ;
+----------------------------+--------+
; Processors                 ; Number ;
+----------------------------+--------+
; Number detected on machine ; 6      ;
; Maximum allowed            ; 1      ;
+----------------------------+--------+


+--------------------------------------------------------------------------------------------------------------------------------------------+
; Analysis & Synthesis Source Files Read                                                                                                     ;
+----------------------------------+-----------------+------------------------+--------------------------------------------------------------+
; File Name with User-Entered Path ; Used in Netlist ; File Type              ; File Name with Absolute Path                                 ;
+----------------------------------+-----------------+------------------------+--------------------------------------------------------------+
; controlUnit.v                    ; yes             ; User Verilog HDL File  ; C:/GitRepository/arm-system-module/ControlUnit/controlUnit.v ;
+----------------------------------+-----------------+------------------------+--------------------------------------------------------------+


+------------------------------------------------------------------+
; Analysis & Synthesis Resource Usage Summary                      ;
+---------------------------------------------+--------------------+
; Resource                                    ; Usage              ;
+---------------------------------------------+--------------------+
; Estimated Total logic elements              ; 32                 ;
;                                             ;                    ;
; Total combinational functions               ; 28                 ;
; Logic element usage by number of LUT inputs ;                    ;
;     -- 4 input functions                    ; 11                 ;
;     -- 3 input functions                    ; 11                 ;
;     -- <=2 input functions                  ; 6                  ;
;                                             ;                    ;
; Logic elements by mode                      ;                    ;
;     -- normal mode                          ; 28                 ;
;     -- arithmetic mode                      ; 0                  ;
;                                             ;                    ;
; Total registers                             ; 4                  ;
;     -- Dedicated logic registers            ; 4                  ;
;     -- I/O registers                        ; 0                  ;
;                                             ;                    ;
; I/O pins                                    ; 38                 ;
; Maximum fan-out node                        ; decoder:dec|Mux6~0 ;
; Maximum fan-out                             ; 6                  ;
; Total fan-out                               ; 116                ;
; Average fan-out                             ; 1.66               ;
+---------------------------------------------+--------------------+


+----------------------------------------------------------------------------------------------------------------------------------------------------------------------------------------------------+
; Analysis & Synthesis Resource Utilization by Entity                                                                                                                                                ;
+----------------------------+-------------------+--------------+-------------+--------------+---------+-----------+------+--------------+--------------------------------------------+--------------+
; Compilation Hierarchy Node ; LC Combinationals ; LC Registers ; Memory Bits ; DSP Elements ; DSP 9x9 ; DSP 18x18 ; Pins ; Virtual Pins ; Full Hierarchy Name                        ; Library Name ;
+----------------------------+-------------------+--------------+-------------+--------------+---------+-----------+------+--------------+--------------------------------------------+--------------+
; |controlUnit               ; 28 (0)            ; 4 (0)        ; 0           ; 0            ; 0       ; 0         ; 38   ; 0            ; |controlUnit                               ; work         ;
;    |condlogic:cl|          ; 13 (7)            ; 4 (0)        ; 0           ; 0            ; 0       ; 0         ; 0    ; 0            ; |controlUnit|condlogic:cl                  ;              ;
;       |condcheck:cc|       ; 6 (6)             ; 0 (0)        ; 0           ; 0            ; 0       ; 0         ; 0    ; 0            ; |controlUnit|condlogic:cl|condcheck:cc     ; work         ;
;       |flopenr:flagreg0|   ; 0 (0)             ; 2 (2)        ; 0           ; 0            ; 0       ; 0         ; 0    ; 0            ; |controlUnit|condlogic:cl|flopenr:flagreg0 ;              ;
;       |flopenr:flagreg1|   ; 0 (0)             ; 2 (2)        ; 0           ; 0            ; 0       ; 0         ; 0    ; 0            ; |controlUnit|condlogic:cl|flopenr:flagreg1 ; work         ;
;    |decoder:dec|           ; 15 (15)           ; 0 (0)        ; 0           ; 0            ; 0       ; 0         ; 0    ; 0            ; |controlUnit|decoder:dec                   ;              ;
+----------------------------+-------------------+--------------+-------------+--------------+---------+-----------+------+--------------+--------------------------------------------+--------------+
Note: For table entries with two numbers listed, the numbers in parentheses indicate the number of resources of the given type used by the specific entity alone. The numbers listed outside of parentheses indicate the total resources of the given type used by the specific entity and all of its sub-entities in the hierarchy.


+----------------------------------------------------------------------------------------------------------+
; User-Specified and Inferred Latches                                                                      ;
+-----------------------------------------------------+---------------------------+------------------------+
; Latch Name                                          ; Latch Enable Signal       ; Free of Timing Hazards ;
+-----------------------------------------------------+---------------------------+------------------------+
; decoder:dec|controls[8]                             ; decoder:dec|Mux6          ; yes                    ;
; decoder:dec|controls[9]                             ; decoder:dec|Mux6          ; yes                    ;
; decoder:dec|controls[3]                             ; decoder:dec|Mux6          ; yes                    ;
; decoder:dec|controls[6]                             ; decoder:dec|Mux6          ; yes                    ;
; decoder:dec|controls[7]                             ; decoder:dec|Mux6          ; yes                    ;
; decoder:dec|controls[5]                             ; decoder:dec|Mux6          ; yes                    ;
; decoder:dec|ALUControl[0]                           ; decoder:dec|Mux0          ; yes                    ;
; decoder:dec|ALUControl[1]                           ; decoder:dec|ALUControl[1] ; yes                    ;
; decoder:dec|controls[2]                             ; decoder:dec|Mux6          ; yes                    ;
; decoder:dec|controls[4]                             ; decoder:dec|Mux6          ; yes                    ;
; decoder:dec|controls[1]                             ; decoder:dec|Mux6          ; yes                    ;
; decoder:dec|controls[0]                             ; decoder:dec|Mux6          ; yes                    ;
; Number of user-specified and inferred latches = 12  ;                           ;                        ;
+-----------------------------------------------------+---------------------------+------------------------+
Note: All latches listed above may not be present at the end of synthesis due to various synthesis optimizations.


+------------------------------------------------------+
; General Register Statistics                          ;
+----------------------------------------------+-------+
; Statistic                                    ; Value ;
+----------------------------------------------+-------+
; Total registers                              ; 4     ;
; Number of registers using Synchronous Clear  ; 0     ;
; Number of registers using Synchronous Load   ; 0     ;
; Number of registers using Asynchronous Clear ; 4     ;
; Number of registers using Asynchronous Load  ; 0     ;
; Number of registers using Clock Enable       ; 4     ;
; Number of registers using Preset             ; 0     ;
+----------------------------------------------+-------+


+---------------------------------------------------------------------------------------------------------------------------------------------+
; Multiplexer Restructuring Statistics (Restructuring Performed)                                                                              ;
+--------------------+-----------+---------------+----------------------+------------------------+------------+-------------------------------+
; Multiplexer Inputs ; Bus Width ; Baseline Area ; Area if Restructured ; Saving if Restructured ; Registered ; Example Multiplexer Output    ;
+--------------------+-----------+---------------+----------------------+------------------------+------------+-------------------------------+
; 3:1                ; 2 bits    ; 4 LEs         ; 4 LEs                ; 0 LEs                  ; No         ; |controlUnit|decoder:dec|Mux4 ;
+--------------------+-----------+---------------+----------------------+------------------------+------------+-------------------------------+


+----------------------------------------------------------------------------+
; Parameter Settings for User Entity Instance: condlogic:cl|flopenr:flagreg1 ;
+----------------+-------+---------------------------------------------------+
; Parameter Name ; Value ; Type                                              ;
+----------------+-------+---------------------------------------------------+
; WIDTH          ; 2     ; Signed Integer                                    ;
+----------------+-------+---------------------------------------------------+
Note: In order to hide this table in the UI and the text report file, please set the "Show Parameter Settings Tables in Synthesis Report" option in "Analysis and Synthesis Settings -> More Settings" to "Off".


+----------------------------------------------------------------------------+
; Parameter Settings for User Entity Instance: condlogic:cl|flopenr:flagreg0 ;
+----------------+-------+---------------------------------------------------+
; Parameter Name ; Value ; Type                                              ;
+----------------+-------+---------------------------------------------------+
; WIDTH          ; 2     ; Signed Integer                                    ;
+----------------+-------+---------------------------------------------------+
Note: In order to hide this table in the UI and the text report file, please set the "Show Parameter Settings Tables in Synthesis Report" option in "Analysis and Synthesis Settings -> More Settings" to "Off".


+---------------------------------------------------------------------------------------------------------------------------------------------------------------------------+
; Port Connectivity Checks: "condlogic:cl"                                                                                                                                  ;
+---------+-------+----------+----------------------------------------------------------------------------------------------------------------------------------------------+
; Port    ; Type  ; Severity ; Details                                                                                                                                      ;
+---------+-------+----------+----------------------------------------------------------------------------------------------------------------------------------------------+
; NoWrite ; Input ; Warning  ; Declared by entity but not connected by instance. If a default value exists, it will be used.  Otherwise, the port will be connected to GND. ;
; BLFlag  ; Input ; Warning  ; Declared by entity but not connected by instance. If a default value exists, it will be used.  Otherwise, the port will be connected to GND. ;
+---------+-------+----------+----------------------------------------------------------------------------------------------------------------------------------------------+


+-------------------------------------------------------------------------------------------------------------------+
; Port Connectivity Checks: "decoder:dec"                                                                           ;
+---------+--------+----------+-------------------------------------------------------------------------------------+
; Port    ; Type   ; Severity ; Details                                                                             ;
+---------+--------+----------+-------------------------------------------------------------------------------------+
; NoWrite ; Output ; Info     ; Connected to dangling logic. Logic that only feeds a dangling port will be removed. ;
; BLFlag  ; Output ; Info     ; Connected to dangling logic. Logic that only feeds a dangling port will be removed. ;
+---------+--------+----------+-------------------------------------------------------------------------------------+


+-------------------------------+
; Analysis & Synthesis Messages ;
+-------------------------------+
Info: *******************************************************************
Info: Running Quartus II Analysis & Synthesis
    Info: Version 9.1 Build 350 03/24/2010 Service Pack 2 SJ Web Edition
    Info: Processing started: Mon Dec 03 00:59:17 2018
Info: Command: quartus_map --read_settings_files=on --write_settings_files=off controlUnit -c controlUnit
Info: Found 5 design units, including 5 entities, in source file controlunit.v
    Info: Found entity 1: controlUnit
    Info: Found entity 2: condlogic
    Info: Found entity 3: condcheck
    Info: Found entity 4: decoder
    Info: Found entity 5: flopenr
Info: Elaborating entity "controlUnit" for the top level hierarchy
Info: Elaborating entity "decoder" for hierarchy "decoder:dec"
Warning (10270): Verilog HDL Case Statement warning at controlUnit.v(99): incomplete case statement has no default case item
Warning (10240): Verilog HDL Always Construct warning at controlUnit.v(98): inferring latch(es) for variable "controls", which holds its previous value in one or more paths through the always construct
Warning (10272): Verilog HDL Case Statement warning at controlUnit.v(127): case item expression covers a value already covered by a previous case item
Warning (10240): Verilog HDL Always Construct warning at controlUnit.v(120): inferring latch(es) for variable "ALUControl", which holds its previous value in one or more paths through the always construct
Info (10041): Inferred latch for "ALUControl[0]" at controlUnit.v(146)
Info (10041): Inferred latch for "ALUControl[1]" at controlUnit.v(146)
Info (10041): Inferred latch for "controls[0]" at controlUnit.v(98)
Info (10041): Inferred latch for "controls[1]" at controlUnit.v(98)
Info (10041): Inferred latch for "controls[2]" at controlUnit.v(98)
Info (10041): Inferred latch for "controls[3]" at controlUnit.v(98)
Info (10041): Inferred latch for "controls[4]" at controlUnit.v(98)
Info (10041): Inferred latch for "controls[5]" at controlUnit.v(98)
Info (10041): Inferred latch for "controls[6]" at controlUnit.v(98)
Info (10041): Inferred latch for "controls[7]" at controlUnit.v(98)
Info (10041): Inferred latch for "controls[8]" at controlUnit.v(98)
Info (10041): Inferred latch for "controls[9]" at controlUnit.v(98)
Info: Elaborating entity "condlogic" for hierarchy "condlogic:cl"
Info: Elaborating entity "flopenr" for hierarchy "condlogic:cl|flopenr:flagreg1"
Info: Elaborating entity "condcheck" for hierarchy "condlogic:cl|condcheck:cc"
Warning: 1 hierarchies have connectivity warnings - see the Connectivity Checks report folder
Info: Duplicate LATCH primitives merged into single LATCH primitive
    Info: Duplicate LATCH primitive "decoder:dec|controls[7]" merged with LATCH primitive "decoder:dec|controls[8]"
    Info: Duplicate LATCH primitive "decoder:dec|controls[1]" merged with LATCH primitive "decoder:dec|controls[8]"
    Info: Duplicate LATCH primitive "decoder:dec|controls[2]" merged with LATCH primitive "decoder:dec|controls[9]"
    Info: Duplicate LATCH primitive "decoder:dec|controls[4]" merged with LATCH primitive "decoder:dec|controls[6]"
Warning: Latch decoder:dec|controls[8] has unsafe behavior
    Warning: Ports D and ENA on the latch are fed by the same signal Instr[27]
Warning: Latch decoder:dec|controls[9] has unsafe behavior
    Warning: Ports D and ENA on the latch are fed by the same signal Instr[26]
Warning: Latch decoder:dec|controls[3] has unsafe behavior
    Warning: Ports D and ENA on the latch are fed by the same signal Instr[27]
Warning: Latch decoder:dec|controls[6] has unsafe behavior
    Warning: Ports D and ENA on the latch are fed by the same signal Instr[26]
Warning: Latch decoder:dec|controls[5] has unsafe behavior
    Warning: Ports D and ENA on the latch are fed by the same signal Instr[26]
Warning: Latch decoder:dec|ALUControl[0] has unsafe behavior
    Warning: Ports D and ENA on the latch are fed by the same signal Instr[23]
Warning: Latch decoder:dec|ALUControl[1] has unsafe behavior
    Warning: Ports D and ENA on the latch are fed by the same signal Instr[24]
Warning: Latch decoder:dec|controls[0] has unsafe behavior
    Warning: Ports D and ENA on the latch are fed by the same signal Instr[26]
Warning: Output pins are stuck at VCC or GND
    Warning (13410): Pin "RegWrite[1]" is stuck at GND
Info: Generated suppressed messages file C:/GitRepository/arm-system-module/ControlUnit/controlUnit.map.smsg
Warning: Design contains 6 input pin(s) that do not drive logic
    Warning (15610): No output dependent on input pin "Instr[16]"
    Warning (15610): No output dependent on input pin "Instr[17]"
    Warning (15610): No output dependent on input pin "Instr[18]"
    Warning (15610): No output dependent on input pin "Instr[19]"
    Warning (15610): No output dependent on input pin "Instr[21]"
    Warning (15610): No output dependent on input pin "Instr[22]"
Info: Implemented 70 device resources after synthesis - the final resource count might be different
    Info: Implemented 26 input pins
    Info: Implemented 12 output pins
    Info: Implemented 32 logic cells
Info: Quartus II Analysis & Synthesis was successful. 0 errors, 30 warnings
    Info: Peak virtual memory: 233 megabytes
    Info: Processing ended: Mon Dec 03 00:59:18 2018
    Info: Elapsed time: 00:00:01
    Info: Total CPU time (on all processors): 00:00:01


+------------------------------------------+
; Analysis & Synthesis Suppressed Messages ;
+------------------------------------------+
The suppressed messages can be found in C:/GitRepository/arm-system-module/ControlUnit/controlUnit.map.smsg.


